Arguments: 
  C:\Program Files\nodejs\node.exe C:\Users\esunr\AppData\Roaming\npm\node_modules\yarn\bin\yarn.js add jest -D

PATH: 
  C:\Program Files\Git\mingw64\bin;C:\Program Files\Git\usr\bin;C:\Users\esunr\bin;C:\windows\system32;C:\windows;C:\windows\System32\Wbem;C:\windows\System32\WindowsPowerShell\v1.0;C:\windows\System32\OpenSSH;C:\Program Files\Git\cmd;C:\Program Files\nodejs;C:\Users\esunr\scoop\shims;C:\Users\esunr\AppData\Local\Microsoft\WindowsApps;C:\Users\esunr\AppData\Local\Programs\Fiddler;C:\Users\esunr\AppData\Local\Programs\Microsoft VS Code\bin;C:\Users\esunr\AppData\Roaming\npm

Yarn version: 
  1.22.4

Node version: 
  12.18.1

Platform: 
  win32 x64

Trace: 
  Error: http://r.cnpmjs.org/typescript/download/typescript-3.9.2.tgz: unexpected end of file
      at Zlib.zlibOnError [as onerror] (zlib.js:180:17)

npm manifest: 
  {
    "dependencies": {
      "typescript": "^3.9.2"
    }
  }

yarn manifest: 
  No manifest

Lockfile: 
  # THIS IS AN AUTOGENERATED FILE. DO NOT EDIT THIS FILE DIRECTLY.
  # yarn lockfile v1
  
  
  typescript@^3.9.2:
    version "3.9.2"
    resolved "http://r.cnpmjs.org/typescript/download/typescript-3.9.2.tgz#64e9c8e9be6ea583c54607677dd4680a1cf35db9"
    integrity sha1-ZOnI6b5upYPFRgdnfdRoChzzXbk=
