Arguments: 
  C:\Program Files\nodejs\node.exe C:\Program Files\nodejs\node_modules\yarn\bin\yarn.js

PATH: 
  C:\Program Files\Git\mingw64\bin;C:\Program Files\Git\usr\bin;C:\Users\EsunR\bin;C:\WINDOWS\system32;C:\WINDOWS;C:\WINDOWS\System32\Wbem;C:\WINDOWS\System32\WindowsPowerShell\v1.0;C:\WINDOWS\System32\OpenSSH;C:\Program Files (x86)\ATI Technologies\ATI.ACE\Core-Static;C:\Program Files\Git\cmd;%NVM_HOME%;%NVM_SYMLINK%;C:\Users\EsunR\AppData\Local\Programs\Python\Python39\Scripts;C:\Users\EsunR\AppData\Local\Programs\Python\Python39;C:\Users\EsunR\scoop\shims;C:\Users\EsunR\AppData\Local\Microsoft\WindowsApps;C:\Users\EsunR\AppData\Local\Programs\Microsoft VS Code\bin;C:\Users\EsunR\AppData\Roaming\nvm;C:\Program Files\nodejs

Yarn version: 
  1.22.10

Node version: 
  14.16.0

Platform: 
  win32 x64

Trace: 
  Error: connect ETIMEDOUT 192.168.2.153:4873
      at TCPConnectWrap.afterConnect [as oncomplete] (net.js:1146:16)

npm manifest: 
  {
    "name": "puppeteer-study",
    "version": "1.0.0",
    "description": "",
    "main": "index.js",
    "scripts": {
      "test": "echo \"Error: no test specified\" && exit 1"
    },
    "author": "",
    "license": "ISC",
    "dependencies": {
      "@types/log4js": "^2.3.5",
      "@types/node": "^13.7.7",
      "@types/puppeteer": "^2.0.1",
      "log4js": "^6.1.2",
      "puppeteer": "^2.1.1",
      "puppeteer-core": "^2.1.1",
      "typescript": "^3.8.3"
    }
  }

yarn manifest: 
  No manifest

Lockfile: 
  No lockfile
